0	0	drop-0.png
1	0	drop-1.png
2	0	drop-2.png
3	0	drop-3.png
4	0	drop-4.png
5	0	drop-5.png
6	0	drop-6.png
7	0	drop-7.png
8	0	drop-8.png
9	0	drop-9.png
10	0	drop-10.png
11	0	drop-11.png
12	0	drop-12.png
13	0	drop-13.png
14	0	drop-14.png
15	0	drop-15.png
16	0	drop-16.png
17	0	drop-17.png
18	0	drop-18.png
19	0	drop-19.png
20	0	drop-20.png
21	0	drop-21.png
22	0	drop-22.png
23	0	drop-23.png
24	0	drop-24.png
25	0	drop-25.png
26	0	drop-26.png
27	0	drop-27.png
28	0	drop-28.png
29	0	drop-29.png
30	0	drop-30.png
31	0	drop-31.png
32	0	drop-32.png
33	0	drop-33.png
34	0	drop-34.png
35	0	drop-35.png
36	0	drop-36.png
37	0	drop-37.png
38	0	drop-38.png
39	0	drop-39.png
40	0	drop-40.png
41	0	drop-41.png
42	0	drop-42.png
43	0	drop-43.png
44	0	drop-44.png
45	0	drop-45.png
46	0	drop-46.png
47	0	drop-47.png
48	0	drop-48.png
49	0	drop-49.png
50	0	drop-50.png
51	0	drop-51.png
52	0	drop-52.png
53	0	drop-53.png
54	0	drop-54.png
55	0	drop-55.png
56	0	drop-56.png
57	0	drop-57.png
58	0	drop-58.png
59	0	drop-59.png
60	0	drop-60.png
61	0	drop-61.png
62	0	drop-62.png
63	0	drop-63.png
64	0	drop-64.png
65	0	drop-65.png
66	0	drop-66.png
67	0	drop-67.png
68	0	drop-68.png
69	0	drop-69.png
70	0	drop-70.png
71	0	drop-71.png
72	0	drop-72.png
73	0	drop-73.png
74	0	drop-74.png
75	0	drop-75.png
76	0	drop-76.png
77	0	drop-77.png
78	0	drop-78.png
79	0	drop-79.png
80	0	drop-80.png
81	0	drop-81.png
82	0	drop-82.png
83	0	drop-83.png
84	0	drop-84.png
85	0	drop-85.png
86	0	drop-86.png
87	0	drop-87.png
88	0	drop-88.png
89	0	drop-89.png
90	0	drop-90.png
91	0	drop-91.png
92	0	drop-92.png
93	0	drop-93.png
94	0	drop-94.png
95	0	drop-95.png
96	0	drop-96.png
97	0	drop-97.png
98	0	drop-98.png
99	0	drop-99.png
100	0	drop-100.png
101	0	drop-101.png
102	0	drop-102.png
103	0	drop-103.png
104	0	drop-104.png
105	0	drop-105.png
106	0	drop-106.png
107	0	drop-107.png
108	0	drop-108.png
109	0	drop-109.png
110	0	drop-110.png
111	0	drop-111.png
112	0	drop-112.png
113	0	drop-113.png
114	0	drop-114.png
115	0	drop-115.png
116	0	drop-116.png
117	0	drop-117.png
118	0	drop-118.png
119	0	drop-119.png
120	0	drop-120.png
121	0	drop-121.png
122	0	drop-122.png
123	0	drop-123.png
124	0	drop-124.png
125	0	drop-125.png
126	0	drop-126.png
127	0	drop-127.png
128	0	drop-128.png
129	0	drop-129.png
130	0	drop-130.png
131	0	drop-131.png
132	0	drop-132.png
133	0	drop-133.png
134	0	drop-134.png
135	0	drop-135.png
136	0	drop-136.png
137	0	drop-137.png
138	0	drop-138.png
139	0	drop-139.png
140	0	drop-140.png
141	0	drop-141.png
142	0	drop-142.png
143	0	drop-143.png
144	0	drop-144.png
145	0	drop-145.png
146	0	drop-146.png
147	0	drop-147.png
148	0	drop-148.png
149	0	drop-149.png
150	0	drop-150.png
151	0	drop-151.png
152	0	drop-152.png
153	0	drop-153.png
154	0	drop-154.png
155	0	drop-155.png
156	0	drop-156.png
157	0	drop-157.png
158	0	drop-158.png
159	0	drop-159.png
160	0	drop-160.png
161	0	drop-161.png
162	0	drop-162.png
163	0	drop-163.png
164	0	drop-164.png
165	0	drop-165.png
166	0	drop-166.png
167	0	drop-167.png
168	0	drop-168.png
169	0	drop-169.png
170	0	drop-170.png
171	0	drop-171.png
172	0	drop-172.png
173	0	drop-173.png
174	0	drop-174.png
175	0	drop-175.png
176	0	drop-176.png
177	0	drop-177.png
178	0	drop-178.png
179	0	drop-179.png
180	0	drop-180.png
181	0	drop-181.png
182	0	drop-182.png
183	0	drop-183.png
184	0	drop-184.png
185	0	drop-185.png
186	0	drop-186.png
187	0	drop-187.png
188	0	drop-188.png
189	0	drop-189.png
190	0	drop-190.png
191	0	drop-191.png
192	0	drop-192.png
193	0	drop-193.png
194	0	drop-194.png
195	0	drop-195.png
196	0	drop-196.png
197	0	drop-197.png
198	0	drop-198.png
199	0	drop-199.png
200	0	drop-200.png
201	0	drop-201.png
202	0	drop-202.png
203	0	drop-203.png
204	0	drop-204.png
205	0	drop-205.png
206	0	drop-206.png
207	0	drop-207.png
208	0	drop-208.png
209	0	drop-209.png
210	0	drop-210.png
211	0	drop-211.png
212	0	drop-212.png
213	0	drop-213.png
214	0	drop-214.png
215	0	drop-215.png
216	0	drop-216.png
217	0	drop-217.png
218	0	drop-218.png
219	0	drop-219.png
220	0	drop-220.png
221	0	drop-221.png
222	0	drop-222.png
223	0	drop-223.png
224	0	drop-224.png
225	0	drop-225.png
226	0	drop-226.png
227	0	drop-227.png
228	0	drop-228.png
229	0	drop-229.png
230	0	drop-230.png
231	0	drop-231.png
232	0	drop-232.png
233	0	drop-233.png
234	0	drop-234.png
235	0	drop-235.png
236	0	drop-236.png
237	0	drop-237.png
238	0	drop-238.png
239	0	drop-239.png
240	0	drop-240.png
241	0	drop-241.png
242	0	drop-242.png
243	0	drop-243.png
244	0	drop-244.png
245	0	drop-245.png
246	0	drop-246.png
247	0	drop-247.png
248	0	drop-248.png
249	0	drop-249.png
250	0	drop-250.png
251	0	drop-251.png
252	0	drop-252.png
253	0	drop-253.png
254	0	drop-254.png
255	0	drop-255.png
256	0	drop-256.png
257	0	drop-257.png
258	0	drop-258.png
259	0	drop-259.png
260	0	drop-260.png
261	0	drop-261.png
262	0	drop-262.png
263	0	drop-263.png
264	0	drop-264.png
265	0	drop-265.png
266	0	drop-266.png
267	0	drop-267.png
268	0	drop-268.png
269	0	drop-269.png
270	0	drop-270.png
271	0	drop-271.png
272	0	drop-272.png
273	0	drop-273.png
274	0	drop-274.png
275	0	drop-275.png
276	0	drop-276.png
277	0	drop-277.png
278	0	drop-278.png
279	0	drop-279.png
280	0	drop-280.png
281	0	drop-281.png
282	0	drop-282.png
283	0	drop-283.png
284	0	drop-284.png
285	0	drop-285.png
286	0	drop-286.png
287	0	drop-287.png
288	0	drop-288.png
289	0	drop-289.png
290	0	drop-290.png
291	0	drop-291.png
292	0	drop-292.png
293	0	drop-293.png
294	0	drop-294.png
295	0	drop-295.png
296	0	drop-296.png
297	0	drop-297.png
298	0	drop-298.png
299	0	drop-299.png
300	0	drop-300.png
301	0	drop-301.png
302	0	drop-302.png
303	0	drop-303.png
304	0	drop-304.png
305	0	drop-305.png
306	0	drop-306.png
307	0	drop-307.png
308	0	drop-308.png
309	0	drop-309.png
310	0	drop-310.png
311	0	drop-311.png
312	0	drop-312.png
313	0	drop-313.png
314	0	drop-314.png
315	0	drop-315.png
316	0	drop-316.png
317	0	drop-317.png
318	0	drop-318.png
319	0	drop-319.png
320	0	drop-320.png
321	0	drop-321.png
322	0	drop-322.png
323	0	drop-323.png
324	0	drop-324.png
325	0	drop-325.png
326	0	drop-326.png
327	0	drop-327.png
328	0	drop-328.png
329	0	drop-329.png
330	0	drop-330.png
331	0	drop-331.png
332	0	drop-332.png
333	0	drop-333.png
334	0	drop-334.png
335	0	drop-335.png
336	0	drop-336.png
337	0	drop-337.png
338	0	drop-338.png
339	0	drop-339.png
340	0	drop-340.png
341	0	drop-341.png
342	0	drop-342.png
343	0	drop-343.png
344	0	drop-344.png
345	0	drop-345.png
346	0	drop-346.png
347	0	drop-347.png
348	0	drop-348.png
349	0	drop-349.png
350	0	drop-350.png
351	0	drop-351.png
352	0	drop-352.png
353	0	drop-353.png
354	0	drop-354.png
355	0	drop-355.png
356	0	drop-356.png
357	0	drop-357.png
358	0	drop-358.png
359	0	drop-359.png
360	0	drop-360.png
361	0	drop-361.png
362	0	drop-362.png
363	0	drop-363.png
364	0	drop-364.png
365	0	drop-365.png
366	0	drop-366.png
367	0	drop-367.png
368	0	drop-368.png
369	0	drop-369.png
370	0	drop-370.png
371	0	drop-371.png
372	0	drop-372.png
373	0	drop-373.png
374	0	drop-374.png
375	0	drop-375.png
376	0	drop-376.png
377	0	drop-377.png
378	0	drop-378.png
379	0	drop-379.png
380	0	drop-380.png
381	0	drop-381.png
382	0	drop-382.png
383	0	drop-383.png
384	0	drop-384.png
385	0	drop-385.png
386	0	drop-386.png
387	0	drop-387.png
388	0	drop-388.png
389	0	drop-389.png
390	0	drop-390.png
391	0	drop-391.png
392	0	drop-392.png
393	0	drop-393.png
394	0	drop-394.png
395	0	drop-395.png
396	0	drop-396.png
397	0	drop-397.png
398	0	drop-398.png
399	0	drop-399.png
400	0	drop-400.png
401	0	drop-401.png
402	0	drop-402.png
403	0	drop-403.png
404	0	drop-404.png
405	0	drop-405.png
406	0	drop-406.png
407	0	drop-407.png
408	0	drop-408.png
409	0	drop-409.png
410	0	drop-410.png
411	0	drop-411.png
412	0	drop-412.png
413	0	drop-413.png
414	0	drop-414.png
415	0	drop-415.png
416	0	drop-416.png
417	0	drop-417.png
418	0	drop-418.png
419	0	drop-419.png
420	0	drop-420.png
421	0	drop-421.png
422	0	drop-422.png
423	0	drop-423.png
424	0	drop-424.png
425	0	drop-425.png
426	0	drop-426.png
427	0	drop-427.png
428	0	drop-428.png
429	0	drop-429.png
430	0	drop-430.png
431	0	drop-431.png
432	0	drop-432.png
433	0	drop-433.png
434	0	drop-434.png
435	0	drop-435.png
436	0	drop-436.png
437	0	drop-437.png
438	0	drop-438.png
439	0	drop-439.png
440	0	drop-440.png
441	0	drop-441.png
442	0	drop-442.png
443	0	drop-443.png
444	0	drop-444.png
445	0	drop-445.png
446	0	drop-446.png
447	0	drop-447.png
448	0	drop-448.png
449	0	drop-449.png
450	0	drop-450.png
451	0	drop-451.png
452	0	drop-452.png
453	0	drop-453.png
454	0	drop-454.png
455	0	drop-455.png
456	0	drop-456.png
457	0	drop-457.png
458	0	drop-458.png
459	0	drop-459.png
460	0	drop-460.png
461	0	drop-461.png
462	0	drop-462.png
463	0	drop-463.png
464	0	drop-464.png
465	0	drop-465.png
466	0	drop-466.png
467	0	drop-467.png
468	0	drop-468.png
469	0	drop-469.png
470	0	drop-470.png
471	0	drop-471.png
472	0	drop-472.png
473	0	drop-473.png
474	0	drop-474.png
475	0	drop-475.png
476	0	drop-476.png
477	0	drop-477.png
478	0	drop-478.png
479	0	drop-479.png
480	0	drop-480.png
481	0	drop-481.png
482	0	drop-482.png
483	0	drop-483.png
484	0	drop-484.png
485	0	drop-485.png
486	0	drop-486.png
487	0	drop-487.png
488	0	drop-488.png
489	0	drop-489.png
490	0	drop-490.png
491	0	drop-491.png
492	0	drop-492.png
493	0	drop-493.png
494	0	drop-494.png
495	0	drop-495.png
496	0	drop-496.png
497	0	drop-497.png
498	0	drop-498.png
499	0	drop-499.png
500	0	drop-500.png
501	0	drop-501.png
502	0	drop-502.png
503	0	drop-503.png
504	0	drop-504.png
505	0	drop-505.png
506	0	drop-506.png
507	0	drop-507.png
508	0	drop-508.png
509	0	drop-509.png
510	0	drop-510.png
511	0	drop-511.png
512	0	drop-512.png
513	0	drop-513.png
514	0	drop-514.png
515	0	drop-515.png
516	0	drop-516.png
517	0	drop-517.png
518	0	drop-518.png
519	0	drop-519.png
520	0	drop-520.png
521	0	drop-521.png
522	0	drop-522.png
523	0	drop-523.png
524	0	drop-524.png
525	0	drop-525.png
526	0	drop-526.png
527	0	drop-527.png
528	0	drop-528.png
529	0	drop-529.png
530	0	drop-530.png
531	0	drop-531.png
532	0	drop-532.png
533	0	drop-533.png
534	0	drop-534.png
535	0	drop-535.png
536	0	drop-536.png
537	0	drop-537.png
538	0	drop-538.png
539	0	drop-539.png
540	0	drop-540.png
541	0	drop-541.png
542	0	drop-542.png
543	0	drop-543.png
544	0	drop-544.png
545	0	drop-545.png
546	0	drop-546.png
547	0	drop-547.png
548	0	drop-548.png
549	0	drop-549.png
550	0	drop-550.png
551	0	drop-551.png
552	0	drop-552.png
553	0	drop-553.png
554	0	drop-554.png
555	0	drop-555.png
556	0	drop-556.png
557	0	drop-557.png
558	0	drop-558.png
559	0	drop-559.png
560	0	drop-560.png
561	0	drop-561.png
562	0	drop-562.png
563	0	drop-563.png
564	0	drop-564.png
565	0	drop-565.png
566	0	drop-566.png
567	0	drop-567.png
568	0	drop-568.png
569	0	drop-569.png
570	0	drop-570.png
571	0	drop-571.png
572	0	drop-572.png
573	0	drop-573.png
574	0	drop-574.png
575	0	drop-575.png
576	0	drop-576.png
577	0	drop-577.png
578	0	drop-578.png
579	0	drop-579.png
580	0	drop-580.png
581	0	drop-581.png
582	0	drop-582.png
583	0	drop-583.png
584	0	drop-584.png
585	0	drop-585.png
586	0	drop-586.png
587	0	drop-587.png
588	0	drop-588.png
589	0	drop-589.png
590	0	drop-590.png
591	0	drop-591.png
592	0	drop-592.png
593	0	drop-593.png
594	0	drop-594.png
595	0	drop-595.png
596	0	drop-596.png
597	0	drop-597.png
598	0	drop-598.png
599	0	drop-599.png
600	0	drop-600.png
601	0	drop-601.png
602	0	drop-602.png
603	0	drop-603.png
604	0	drop-604.png
605	0	drop-605.png
606	0	drop-606.png
607	0	drop-607.png
608	0	drop-608.png
609	0	drop-609.png
610	0	drop-610.png
611	0	drop-611.png
612	0	drop-612.png
613	0	drop-613.png
614	0	drop-614.png
615	0	drop-615.png
616	0	drop-616.png
617	0	drop-617.png
618	0	drop-618.png
619	0	drop-619.png
620	0	drop-620.png
621	0	drop-621.png
622	0	drop-622.png
623	0	drop-623.png
624	0	drop-624.png
625	0	drop-625.png
626	0	drop-626.png
627	0	drop-627.png
628	0	drop-628.png
629	0	drop-629.png
630	0	drop-630.png
631	0	drop-631.png
632	0	drop-632.png
633	0	drop-633.png
634	0	drop-634.png
635	0	drop-635.png
636	0	drop-636.png
637	0	drop-637.png
638	0	drop-638.png
639	0	drop-639.png
640	0	drop-640.png
641	0	drop-641.png
642	0	drop-642.png
643	0	drop-643.png
644	0	drop-644.png
645	0	drop-645.png
646	0	drop-646.png
647	0	drop-647.png
648	0	drop-648.png
649	0	drop-649.png
650	0	drop-650.png
651	0	drop-651.png
652	0	drop-652.png
653	0	drop-653.png
654	0	drop-654.png
655	0	drop-655.png
656	0	drop-656.png
657	0	drop-657.png
658	0	drop-658.png
659	0	drop-659.png
660	0	drop-660.png
661	0	drop-661.png
662	0	drop-662.png
663	0	drop-663.png
664	0	drop-664.png
665	0	drop-665.png
666	0	drop-666.png
667	0	drop-667.png
668	0	drop-668.png
669	0	drop-669.png
670	0	drop-670.png
671	0	drop-671.png
672	0	drop-672.png
673	0	drop-673.png
674	0	drop-674.png
675	0	drop-675.png
676	0	drop-676.png
677	0	drop-677.png
678	0	drop-678.png
679	0	drop-679.png
680	0	drop-680.png
681	0	drop-681.png
682	0	drop-682.png
683	0	drop-683.png
684	0	drop-684.png
685	0	drop-685.png
686	0	drop-686.png
687	0	drop-687.png
688	0	drop-688.png
689	0	drop-689.png
690	0	drop-690.png
691	0	drop-691.png
692	0	drop-692.png
693	0	drop-693.png
694	0	drop-694.png
695	0	drop-695.png
696	0	drop-696.png
697	0	drop-697.png
698	0	drop-698.png
699	0	drop-699.png
700	0	drop-700.png
701	0	drop-701.png
702	0	drop-702.png
703	0	drop-703.png
704	0	drop-704.png
705	0	drop-705.png
706	0	drop-706.png
707	0	drop-707.png
708	0	drop-708.png
709	0	drop-709.png
710	0	drop-710.png
711	0	drop-711.png
712	0	drop-712.png
713	0	drop-713.png
714	0	drop-714.png
715	0	drop-715.png
716	0	drop-716.png
717	0	drop-717.png
718	0	drop-718.png
719	0	drop-719.png
720	0	drop-720.png
721	0	drop-721.png
722	0	drop-722.png
723	0	drop-723.png
724	0	drop-724.png
725	0	drop-725.png
726	0	drop-726.png
727	0	drop-727.png
728	0	drop-728.png
729	0	drop-729.png
730	0	drop-730.png
731	0	drop-731.png
732	0	drop-732.png
733	0	drop-733.png
734	0	drop-734.png
735	0	drop-735.png
736	0	drop-736.png
737	0	drop-737.png
738	0	drop-738.png
739	0	drop-739.png
740	0	drop-740.png
741	0	drop-741.png
742	0	drop-742.png
743	0	drop-743.png
744	0	drop-744.png
745	0	drop-745.png
746	0	drop-746.png
747	0	drop-747.png
748	0	drop-748.png
749	0	drop-749.png
750	0	drop-750.png
751	0	drop-751.png
752	0	drop-752.png
753	0	drop-753.png
754	0	drop-754.png
755	0	drop-755.png
756	0	drop-756.png
757	0	drop-757.png
758	0	drop-758.png
759	0	drop-759.png
760	0	drop-760.png
761	0	drop-761.png
762	0	drop-762.png
763	0	drop-763.png
764	0	drop-764.png
765	0	drop-765.png
766	0	drop-766.png
767	0	drop-767.png
768	0	drop-768.png
769	0	drop-769.png
770	0	drop-770.png
771	0	drop-771.png
772	0	drop-772.png
773	0	drop-773.png
774	0	drop-774.png
775	0	drop-775.png
776	0	drop-776.png
777	0	drop-777.png
778	0	drop-778.png
779	0	drop-779.png
780	0	drop-780.png
781	0	drop-781.png
782	0	drop-782.png
783	0	drop-783.png
784	0	drop-784.png
785	0	drop-785.png
786	0	drop-786.png
787	0	drop-787.png
788	0	drop-788.png
789	0	drop-789.png
790	0	drop-790.png
791	0	drop-791.png
792	0	drop-792.png
793	0	drop-793.png
794	0	drop-794.png
795	0	drop-795.png
796	0	drop-796.png
797	0	drop-797.png
798	0	drop-798.png
799	0	drop-799.png
800	0	drop-800.png
801	0	drop-801.png
802	0	drop-802.png
803	0	drop-803.png
804	0	drop-804.png
805	0	drop-805.png
806	0	drop-806.png
807	0	drop-807.png
808	0	drop-808.png
809	0	drop-809.png
810	0	drop-810.png
811	0	drop-811.png
812	0	drop-812.png
813	0	drop-813.png
814	0	drop-814.png
815	0	drop-815.png
816	0	drop-816.png
817	0	drop-817.png
818	0	drop-818.png
819	0	drop-819.png
820	0	drop-820.png
821	0	drop-821.png
822	0	drop-822.png
823	0	drop-823.png
824	0	drop-824.png
825	0	drop-825.png
826	0	drop-826.png
827	0	drop-827.png
828	0	drop-828.png
829	0	drop-829.png
830	0	drop-830.png
831	0	drop-831.png
832	0	drop-832.png
833	0	drop-833.png
834	0	drop-834.png
835	0	drop-835.png
836	0	drop-836.png
837	0	drop-837.png
838	0	drop-838.png
839	0	drop-839.png
840	0	drop-840.png
841	0	drop-841.png
842	0	drop-842.png
843	0	drop-843.png
844	0	drop-844.png
845	0	drop-845.png
846	0	drop-846.png
847	0	drop-847.png
848	0	drop-848.png
849	0	drop-849.png
850	0	drop-850.png
851	0	drop-851.png
852	0	drop-852.png
853	0	drop-853.png
854	0	drop-854.png
855	0	drop-855.png
856	0	drop-856.png
857	0	drop-857.png
858	0	drop-858.png
859	0	drop-859.png
860	0	drop-860.png
861	0	drop-861.png
862	0	drop-862.png
863	0	drop-863.png
864	0	drop-864.png
865	0	drop-865.png
866	0	drop-866.png
867	0	drop-867.png
868	0	drop-868.png
869	0	drop-869.png
870	0	drop-870.png
871	0	drop-871.png
872	0	drop-872.png
873	0	drop-873.png
874	0	drop-874.png
875	0	drop-875.png
876	0	drop-876.png
877	0	drop-877.png
878	0	drop-878.png
879	0	drop-879.png
880	0	drop-880.png
881	0	drop-881.png
882	0	drop-882.png
883	0	drop-883.png
884	0	drop-884.png
885	0	drop-885.png
886	0	drop-886.png
887	0	drop-887.png
888	0	drop-888.png
889	0	drop-889.png
890	0	drop-890.png
891	0	drop-891.png
892	0	drop-892.png
893	0	drop-893.png
894	0	drop-894.png
895	0	drop-895.png
896	0	drop-896.png
897	0	drop-897.png
898	0	drop-898.png
899	0	drop-899.png
900	0	drop-900.png
901	0	drop-901.png
902	0	drop-902.png
903	0	drop-903.png
904	0	drop-904.png
905	0	drop-905.png
906	0	drop-906.png
907	0	drop-907.png
908	0	drop-908.png
909	0	drop-909.png
910	0	drop-910.png
911	0	drop-911.png
912	0	drop-912.png
913	0	drop-913.png
914	0	drop-914.png
915	0	drop-915.png
916	0	drop-916.png
917	0	drop-917.png
918	0	drop-918.png
919	0	drop-919.png
920	0	drop-920.png
921	0	drop-921.png
922	0	drop-922.png
923	0	drop-923.png
924	0	drop-924.png
925	0	drop-925.png
926	0	drop-926.png
927	0	drop-927.png
928	0	drop-928.png
929	0	drop-929.png
930	0	drop-930.png
931	0	drop-931.png
932	0	drop-932.png
933	0	drop-933.png
934	0	drop-934.png
935	0	drop-935.png
936	0	drop-936.png
937	0	drop-937.png
938	0	drop-938.png
939	0	drop-939.png
940	0	drop-940.png
941	0	drop-941.png
942	0	drop-942.png
943	0	drop-943.png
944	0	drop-944.png
945	0	drop-945.png
946	0	drop-946.png
947	0	drop-947.png
948	0	drop-948.png
949	0	drop-949.png
950	0	drop-950.png
951	0	drop-951.png
952	0	drop-952.png
953	0	drop-953.png
954	0	drop-954.png
955	0	drop-955.png
956	0	drop-956.png
957	0	drop-957.png
958	0	drop-958.png
959	0	drop-959.png
960	0	drop-960.png
961	0	drop-961.png
962	0	drop-962.png
963	0	drop-963.png
964	0	drop-964.png
965	0	drop-965.png
966	0	drop-966.png
967	0	drop-967.png
968	0	drop-968.png
969	0	drop-969.png
970	0	drop-970.png
971	0	drop-971.png
972	0	drop-972.png
973	0	drop-973.png
974	0	drop-974.png
975	0	drop-975.png
976	0	drop-976.png
977	0	drop-977.png
978	0	drop-978.png
979	0	drop-979.png
980	0	drop-980.png
981	0	drop-981.png
982	0	drop-982.png
983	1	motor-0.png
984	1	motor-1.png
985	1	motor-2.png
986	1	motor-3.png
987	1	motor-4.png
988	1	motor-5.png
989	1	motor-6.png
990	1	motor-7.png
991	1	motor-8.png
992	1	motor-9.png
993	1	motor-10.png
994	1	motor-11.png
995	1	motor-12.png
996	1	motor-13.png
997	1	motor-14.png
998	1	motor-15.png
999	1	motor-16.png
1000	1	motor-17.png
1001	1	motor-18.png
1002	1	motor-19.png
1003	1	motor-20.png
1004	1	motor-21.png
1005	1	motor-22.png
1006	1	motor-23.png
1007	1	motor-24.png
1008	1	motor-25.png
1009	1	motor-26.png
1010	1	motor-27.png
1011	1	motor-28.png
1012	1	motor-29.png
1013	1	motor-30.png
1014	1	motor-31.png
1015	1	motor-32.png
1016	1	motor-33.png
1017	1	motor-34.png
1018	1	motor-35.png
1019	1	motor-36.png
1020	1	motor-37.png
1021	1	motor-38.png
1022	1	motor-39.png
1023	1	motor-40.png
1024	1	motor-41.png
1025	1	motor-42.png
1026	1	motor-43.png
1027	1	motor-44.png
1028	1	motor-45.png
1029	1	motor-46.png
1030	1	motor-47.png
1031	1	motor-48.png
1032	1	motor-49.png
1033	1	motor-50.png
1034	1	motor-51.png
1035	1	motor-52.png
1036	1	motor-53.png
1037	1	motor-54.png
1038	1	motor-55.png
1039	1	motor-56.png
1040	1	motor-57.png
1041	1	motor-58.png
1042	1	motor-59.png
1043	1	motor-60.png
1044	1	motor-61.png
1045	1	motor-62.png
1046	1	motor-63.png
1047	1	motor-64.png
1048	1	motor-65.png
1049	1	motor-66.png
1050	1	motor-67.png
1051	1	motor-68.png
1052	1	motor-69.png
1053	1	motor-70.png
1054	1	motor-71.png
1055	1	motor-72.png
1056	1	motor-73.png
1057	1	motor-74.png
1058	1	motor-75.png
1059	1	motor-76.png
1060	1	motor-77.png
1061	1	motor-78.png
1062	1	motor-79.png
1063	1	motor-80.png
1064	1	motor-81.png
1065	1	motor-82.png
1066	1	motor-83.png
1067	1	motor-84.png
1068	1	motor-85.png
1069	1	motor-86.png
1070	1	motor-87.png
1071	1	motor-88.png
1072	1	motor-89.png
1073	1	motor-90.png
1074	1	motor-91.png
1075	1	motor-92.png
1076	1	motor-93.png
1077	1	motor-94.png
1078	1	motor-95.png
1079	1	motor-96.png
1080	1	motor-97.png
1081	1	motor-98.png
1082	1	motor-99.png
1083	1	motor-100.png
1084	1	motor-101.png
1085	1	motor-102.png
1086	1	motor-103.png
1087	1	motor-104.png
1088	1	motor-105.png
1089	1	motor-106.png
1090	1	motor-107.png
1091	1	motor-108.png
1092	1	motor-109.png
1093	1	motor-110.png
1094	1	motor-111.png
1095	1	motor-112.png
1096	1	motor-113.png
1097	1	motor-114.png
1098	1	motor-115.png
1099	1	motor-116.png
1100	1	motor-117.png
1101	1	motor-118.png
1102	1	motor-119.png
1103	1	motor-120.png
1104	1	motor-121.png
1105	1	motor-122.png
1106	1	motor-123.png
1107	1	motor-124.png
1108	1	motor-125.png
1109	1	motor-126.png
1110	1	motor-127.png
1111	1	motor-128.png
1112	1	motor-129.png
1113	1	motor-130.png
1114	1	motor-131.png
1115	1	motor-132.png
1116	1	motor-133.png
1117	1	motor-134.png
1118	1	motor-135.png
1119	1	motor-136.png
1120	1	motor-137.png
1121	1	motor-138.png
1122	1	motor-139.png
1123	1	motor-140.png
1124	1	motor-141.png
1125	1	motor-142.png
1126	1	motor-143.png
1127	1	motor-144.png
1128	1	motor-145.png
1129	1	motor-146.png
1130	1	motor-147.png
1131	1	motor-148.png
1132	1	motor-149.png
1133	1	motor-150.png
1134	1	motor-151.png
1135	1	motor-152.png
1136	1	motor-153.png
1137	1	motor-154.png
1138	1	motor-155.png
1139	1	motor-156.png
1140	1	motor-157.png
1141	1	motor-158.png
1142	1	motor-159.png
1143	1	motor-160.png
1144	1	motor-161.png
1145	1	motor-162.png
1146	1	motor-163.png
1147	1	motor-164.png
1148	1	motor-165.png
1149	1	motor-166.png
1150	1	motor-167.png
1151	1	motor-168.png
1152	1	motor-169.png
1153	1	motor-170.png
1154	1	motor-171.png
1155	1	motor-172.png
1156	1	motor-173.png
1157	1	motor-174.png
1158	1	motor-175.png
1159	1	motor-176.png
1160	1	motor-177.png
1161	1	motor-178.png
1162	1	motor-179.png
1163	1	motor-180.png
1164	1	motor-181.png
1165	1	motor-182.png
1166	1	motor-183.png
1167	1	motor-184.png
1168	1	motor-185.png
1169	1	motor-186.png
1170	1	motor-187.png
1171	1	motor-188.png
1172	1	motor-189.png
1173	1	motor-190.png
1174	1	motor-191.png
1175	1	motor-192.png
1176	1	motor-193.png
1177	1	motor-194.png
1178	1	motor-195.png
1179	1	motor-196.png
1180	1	motor-197.png
1181	1	motor-198.png
1182	1	motor-199.png
1183	1	motor-200.png
1184	1	motor-201.png
1185	1	motor-202.png
1186	1	motor-203.png
1187	1	motor-204.png
1188	1	motor-205.png
1189	1	motor-206.png
1190	1	motor-207.png
1191	1	motor-208.png
1192	1	motor-209.png
1193	1	motor-210.png
1194	1	motor-211.png
1195	1	motor-212.png
1196	1	motor-213.png
1197	1	motor-214.png
1198	1	motor-215.png
1199	1	motor-216.png
1200	1	motor-217.png
1201	1	motor-218.png
1202	1	motor-219.png
1203	1	motor-220.png
1204	1	motor-221.png
1205	1	motor-222.png
1206	1	motor-223.png
1207	1	motor-224.png
1208	1	motor-225.png
1209	1	motor-226.png
1210	1	motor-227.png
1211	1	motor-228.png
1212	1	motor-229.png
1213	1	motor-230.png
1214	1	motor-231.png
1215	1	motor-232.png
1216	1	motor-233.png
1217	1	motor-234.png
1218	1	motor-235.png
1219	1	motor-236.png
1220	1	motor-237.png
1221	1	motor-238.png
1222	1	motor-239.png
1223	1	motor-240.png
1224	1	motor-241.png
1225	1	motor-242.png
1226	1	motor-243.png
1227	1	motor-244.png
1228	1	motor-245.png
1229	1	motor-246.png
1230	1	motor-247.png
1231	1	motor-248.png
1232	1	motor-249.png
1233	1	motor-250.png
1234	1	motor-251.png
1235	1	motor-252.png
1236	1	motor-253.png
1237	1	motor-254.png
1238	1	motor-255.png
1239	1	motor-256.png
1240	1	motor-257.png
1241	1	motor-258.png
1242	1	motor-259.png
1243	1	motor-260.png
1244	1	motor-261.png
1245	1	motor-262.png
1246	1	motor-263.png
1247	1	motor-264.png
1248	1	motor-265.png
1249	1	motor-266.png
1250	1	motor-267.png
1251	1	motor-268.png
1252	1	motor-269.png
1253	1	motor-270.png
1254	1	motor-271.png
1255	1	motor-272.png
1256	1	motor-273.png
1257	1	motor-274.png
1258	1	motor-275.png
1259	1	motor-276.png
1260	1	motor-277.png
1261	1	motor-278.png
1262	1	motor-279.png
1263	1	motor-280.png
1264	1	motor-281.png
1265	1	motor-282.png
1266	1	motor-283.png
1267	1	motor-284.png
1268	1	motor-285.png
1269	1	motor-286.png
1270	1	motor-287.png
1271	1	motor-288.png
1272	1	motor-289.png
1273	1	motor-290.png
1274	1	motor-291.png
1275	1	motor-292.png
1276	1	motor-293.png
1277	1	motor-294.png
1278	1	motor-295.png
1279	1	motor-296.png
1280	1	motor-297.png
1281	1	motor-298.png
1282	1	motor-299.png
1283	1	motor-300.png
1284	1	motor-301.png
1285	1	motor-302.png
1286	1	motor-303.png
1287	1	motor-304.png
1288	1	motor-305.png
1289	1	motor-306.png
1290	1	motor-307.png
1291	1	motor-308.png
1292	1	motor-309.png
1293	1	motor-310.png
1294	1	motor-311.png
1295	1	motor-312.png
1296	1	motor-313.png
1297	1	motor-314.png
1298	1	motor-315.png
1299	1	motor-316.png
1300	1	motor-317.png
1301	1	motor-318.png
1302	1	motor-319.png
1303	1	motor-320.png
1304	1	motor-321.png
1305	1	motor-322.png
1306	1	motor-323.png
1307	1	motor-324.png
1308	1	motor-325.png
1309	1	motor-326.png
1310	1	motor-327.png
1311	1	motor-328.png
1312	1	motor-329.png
1313	1	motor-330.png
1314	1	motor-331.png
1315	1	motor-332.png
1316	1	motor-333.png
1317	1	motor-334.png
1318	1	motor-335.png
1319	1	motor-336.png
1320	1	motor-337.png
1321	1	motor-338.png
1322	1	motor-339.png
1323	1	motor-340.png
1324	1	motor-341.png
1325	1	motor-342.png
1326	1	motor-343.png
1327	1	motor-344.png
1328	1	motor-345.png
1329	1	motor-346.png
1330	1	motor-347.png
1331	1	motor-348.png
1332	1	motor-349.png
1333	1	motor-350.png
1334	1	motor-351.png
1335	1	motor-352.png
1336	1	motor-353.png
1337	1	motor-354.png
1338	1	motor-355.png
1339	1	motor-356.png
1340	1	motor-357.png
1341	1	motor-358.png
1342	1	motor-359.png
1343	1	motor-360.png
1344	1	motor-361.png
1345	1	motor-362.png
1346	1	motor-363.png
1347	1	motor-364.png
1348	1	motor-365.png
1349	1	motor-366.png
1350	1	motor-367.png
1351	1	motor-368.png
1352	1	motor-369.png
1353	1	motor-370.png
1354	1	motor-371.png
1355	1	motor-372.png
1356	1	motor-373.png
1357	1	motor-374.png
1358	1	motor-375.png
1359	1	motor-376.png
1360	1	motor-377.png
1361	1	motor-378.png
1362	1	motor-379.png
1363	1	motor-380.png
1364	1	motor-381.png
1365	1	motor-382.png
1366	1	motor-383.png
1367	1	motor-384.png
1368	1	motor-385.png
1369	1	motor-386.png
1370	1	motor-387.png
1371	1	motor-388.png
1372	1	motor-389.png
1373	1	motor-390.png
1374	1	motor-391.png
1375	1	motor-392.png
1376	1	motor-393.png
1377	1	motor-394.png
1378	1	motor-395.png
1379	1	motor-396.png
1380	1	motor-397.png
1381	1	motor-398.png
1382	1	motor-399.png
1383	1	motor-400.png
1384	1	motor-401.png
1385	1	motor-402.png
1386	1	motor-403.png
1387	1	motor-404.png
1388	1	motor-405.png
1389	1	motor-406.png
1390	1	motor-407.png
1391	1	motor-408.png
1392	1	motor-409.png
1393	1	motor-410.png
1394	1	motor-411.png
1395	1	motor-412.png
1396	1	motor-413.png
1397	1	motor-414.png
1398	1	motor-415.png
1399	1	motor-416.png
1400	1	motor-417.png
1401	1	motor-418.png
1402	1	motor-419.png
1403	1	motor-420.png
1404	1	motor-421.png
1405	1	motor-422.png
1406	1	motor-423.png
1407	1	motor-424.png
1408	1	motor-425.png
1409	1	motor-426.png
1410	1	motor-427.png
1411	1	motor-428.png
1412	1	motor-429.png
1413	1	motor-430.png
1414	1	motor-431.png
1415	1	motor-432.png
1416	1	motor-433.png
1417	1	motor-434.png
1418	1	motor-435.png
1419	1	motor-436.png
1420	1	motor-437.png
1421	1	motor-438.png
1422	1	motor-439.png
1423	1	motor-440.png
1424	1	motor-441.png
1425	1	motor-442.png
1426	1	motor-443.png
1427	1	motor-444.png
1428	1	motor-445.png
1429	1	motor-446.png
1430	1	motor-447.png
1431	1	motor-448.png
1432	1	motor-449.png
1433	1	motor-450.png
1434	1	motor-451.png
1435	1	motor-452.png
1436	1	motor-453.png
1437	1	motor-454.png
1438	1	motor-455.png
1439	1	motor-456.png
1440	1	motor-457.png
1441	1	motor-458.png
1442	1	motor-459.png
1443	1	motor-460.png
1444	1	motor-461.png
1445	1	motor-462.png
1446	1	motor-463.png
1447	1	motor-464.png
1448	1	motor-465.png
1449	1	motor-466.png
1450	1	motor-467.png
1451	1	motor-468.png
1452	1	motor-469.png
1453	1	motor-470.png
1454	1	motor-471.png
1455	1	motor-472.png
1456	1	motor-473.png
1457	1	motor-474.png
1458	1	motor-475.png
1459	1	motor-476.png
1460	1	motor-477.png
1461	1	motor-478.png
1462	1	motor-479.png
1463	1	motor-480.png
1464	1	motor-481.png
1465	1	motor-482.png
1466	1	motor-483.png
1467	1	motor-484.png
1468	1	motor-485.png
1469	1	motor-486.png
1470	1	motor-487.png
1471	1	motor-488.png
1472	1	motor-489.png
1473	1	motor-490.png
1474	1	motor-491.png
1475	1	motor-492.png
1476	1	motor-493.png
1477	1	motor-494.png
1478	1	motor-495.png
1479	1	motor-496.png
1480	1	motor-497.png
1481	1	motor-498.png
1482	1	motor-499.png
1483	1	motor-500.png
1484	1	motor-501.png
1485	1	motor-502.png
1486	1	motor-503.png
1487	1	motor-504.png
1488	1	motor-505.png
1489	1	motor-506.png
1490	1	motor-507.png
1491	1	motor-508.png
1492	1	motor-509.png
1493	1	motor-510.png
1494	1	motor-511.png
1495	1	motor-512.png
1496	1	motor-513.png
1497	1	motor-514.png
1498	1	motor-515.png
1499	1	motor-516.png
1500	1	motor-517.png
1501	1	motor-518.png
1502	1	motor-519.png
1503	1	motor-520.png
1504	1	motor-521.png
1505	1	motor-522.png
1506	1	motor-523.png
1507	1	motor-524.png
1508	1	motor-525.png
1509	1	motor-526.png
1510	1	motor-527.png
1511	1	motor-528.png
1512	1	motor-529.png
1513	1	motor-530.png
1514	1	motor-531.png
1515	1	motor-532.png
1516	1	motor-533.png
1517	1	motor-534.png
1518	1	motor-535.png
1519	1	motor-536.png
1520	1	motor-537.png
1521	1	motor-538.png
1522	1	motor-539.png
1523	1	motor-540.png
1524	1	motor-541.png
1525	1	motor-542.png
1526	1	motor-543.png
1527	1	motor-544.png
1528	1	motor-545.png
1529	1	motor-546.png
1530	1	motor-547.png
1531	1	motor-548.png
1532	1	motor-549.png
1533	1	motor-550.png
1534	1	motor-551.png
1535	1	motor-552.png
1536	1	motor-553.png
1537	1	motor-554.png
1538	1	motor-555.png
1539	1	motor-556.png
1540	1	motor-557.png
1541	1	motor-558.png
1542	1	motor-559.png
1543	1	motor-560.png
1544	1	motor-561.png
1545	1	motor-562.png
1546	1	motor-563.png
1547	1	motor-564.png
1548	1	motor-565.png
1549	1	motor-566.png
1550	1	motor-567.png
1551	1	motor-568.png
1552	1	motor-569.png
1553	1	motor-570.png
1554	1	motor-571.png
1555	1	motor-572.png
1556	1	motor-573.png
1557	1	motor-574.png
1558	1	motor-575.png
1559	1	motor-576.png
1560	1	motor-577.png
1561	1	motor-578.png
1562	1	motor-579.png
1563	1	motor-580.png
1564	1	motor-581.png
1565	1	motor-582.png
1566	1	motor-583.png
1567	1	motor-584.png
1568	1	motor-585.png
1569	1	motor-586.png
1570	1	motor-587.png
1571	1	motor-588.png
1572	1	motor-589.png
1573	1	motor-590.png
1574	1	motor-591.png
1575	1	motor-592.png
1576	1	motor-593.png
1577	1	motor-594.png
1578	1	motor-595.png
1579	1	motor-596.png
1580	1	motor-597.png
1581	1	motor-598.png
1582	1	motor-599.png
1583	1	motor-600.png
1584	1	motor-601.png
1585	1	motor-602.png
1586	1	motor-603.png
1587	1	motor-604.png
1588	1	motor-605.png
1589	1	motor-606.png
1590	1	motor-607.png
1591	1	motor-608.png
1592	1	motor-609.png
1593	1	motor-610.png
1594	1	motor-611.png
1595	1	motor-612.png
1596	1	motor-613.png
1597	1	motor-614.png
1598	1	motor-615.png
1599	1	motor-616.png
1600	1	motor-617.png
1601	1	motor-618.png
1602	1	motor-619.png
1603	1	motor-620.png
1604	1	motor-621.png
1605	1	motor-622.png
1606	1	motor-623.png
1607	1	motor-624.png
1608	1	motor-625.png
1609	1	motor-626.png
1610	1	motor-627.png
1611	1	motor-628.png
1612	1	motor-629.png
1613	1	motor-630.png
1614	1	motor-631.png
1615	1	motor-632.png
1616	1	motor-633.png
1617	1	motor-634.png
1618	1	motor-635.png
1619	1	motor-636.png
1620	1	motor-637.png
1621	1	motor-638.png
1622	1	motor-639.png
1623	1	motor-640.png
1624	1	motor-641.png
1625	1	motor-642.png
1626	1	motor-643.png
1627	1	motor-644.png
1628	1	motor-645.png
1629	1	motor-646.png
1630	1	motor-647.png
1631	1	motor-648.png
1632	1	motor-649.png
1633	1	motor-650.png
1634	1	motor-651.png
1635	1	motor-652.png
1636	1	motor-653.png
1637	1	motor-654.png
1638	1	motor-655.png
1639	1	motor-656.png
1640	1	motor-657.png
1641	1	motor-658.png
1642	1	motor-659.png
1643	1	motor-660.png
1644	1	motor-661.png
1645	1	motor-662.png
1646	1	motor-663.png
1647	1	motor-664.png
1648	1	motor-665.png
1649	1	motor-666.png
1650	1	motor-667.png
1651	1	motor-668.png
1652	1	motor-669.png
1653	1	motor-670.png
1654	1	motor-671.png
1655	1	motor-672.png
1656	1	motor-673.png
1657	1	motor-674.png
1658	1	motor-675.png
1659	1	motor-676.png
1660	1	motor-677.png
1661	1	motor-678.png
1662	1	motor-679.png
1663	1	motor-680.png
1664	1	motor-681.png
1665	1	motor-682.png
1666	1	motor-683.png
1667	1	motor-684.png
1668	1	motor-685.png
1669	1	motor-686.png
1670	1	motor-687.png
1671	1	motor-688.png
1672	1	motor-689.png
1673	1	motor-690.png
1674	1	motor-691.png
1675	1	motor-692.png
1676	1	motor-693.png
1677	1	motor-694.png
1678	1	motor-695.png
1679	1	motor-696.png
1680	1	motor-697.png
1681	1	motor-698.png
1682	1	motor-699.png
1683	1	motor-700.png
1684	1	motor-701.png
1685	1	motor-702.png
1686	1	motor-703.png
1687	1	motor-704.png
1688	1	motor-705.png
1689	1	motor-706.png
1690	1	motor-707.png
1691	1	motor-708.png
1692	1	motor-709.png
1693	1	motor-710.png
1694	1	motor-711.png
1695	1	motor-712.png
1696	1	motor-713.png
1697	1	motor-714.png
1698	1	motor-715.png
1699	1	motor-716.png
1700	1	motor-717.png
1701	1	motor-718.png
1702	1	motor-719.png
1703	1	motor-720.png
1704	1	motor-721.png
1705	1	motor-722.png
1706	1	motor-723.png
1707	1	motor-724.png
1708	1	motor-725.png
1709	1	motor-726.png
1710	1	motor-727.png
1711	1	motor-728.png
1712	1	motor-729.png
1713	1	motor-730.png
1714	1	motor-731.png
1715	1	motor-732.png
1716	1	motor-733.png
1717	1	motor-734.png
1718	1	motor-735.png
1719	1	motor-736.png
1720	1	motor-737.png
1721	1	motor-738.png
1722	1	motor-739.png
1723	1	motor-740.png
1724	1	motor-741.png
1725	1	motor-742.png
1726	1	motor-743.png
1727	1	motor-744.png
1728	1	motor-745.png
1729	1	motor-746.png
1730	1	motor-747.png
1731	1	motor-748.png
1732	1	motor-749.png
1733	1	motor-750.png
1734	1	motor-751.png
1735	1	motor-752.png
1736	1	motor-753.png
1737	1	motor-754.png
1738	1	motor-755.png
1739	1	motor-756.png
1740	1	motor-757.png
1741	1	motor-758.png
1742	1	motor-759.png
1743	1	motor-760.png
1744	1	motor-761.png
1745	1	motor-762.png
1746	1	motor-763.png
1747	1	motor-764.png
1748	1	motor-765.png
1749	1	motor-766.png
1750	1	motor-767.png
1751	1	motor-768.png
1752	1	motor-769.png
1753	1	motor-770.png
1754	1	motor-771.png
1755	1	motor-772.png
1756	1	motor-773.png
1757	1	motor-774.png
1758	1	motor-775.png
1759	1	motor-776.png
1760	1	motor-777.png
1761	1	motor-778.png
1762	1	motor-779.png
1763	1	motor-780.png
1764	1	motor-781.png
1765	1	motor-782.png
1766	1	motor-783.png
1767	1	motor-784.png
1768	1	motor-785.png
1769	1	motor-786.png
1770	1	motor-787.png
1771	1	motor-788.png
1772	1	motor-789.png
1773	1	motor-790.png
1774	1	motor-791.png
1775	1	motor-792.png
1776	1	motor-793.png
1777	1	motor-794.png
1778	1	motor-795.png
1779	1	motor-796.png
1780	1	motor-797.png
1781	1	motor-798.png
1782	1	motor-799.png
1783	1	motor-800.png
1784	1	motor-801.png
1785	1	motor-802.png
1786	1	motor-803.png
1787	1	motor-804.png
1788	1	motor-805.png
1789	1	motor-806.png
1790	1	motor-807.png
1791	1	motor-808.png
1792	1	motor-809.png
1793	1	motor-810.png
1794	1	motor-811.png
1795	1	motor-812.png
1796	1	motor-813.png
1797	1	motor-814.png
1798	1	motor-815.png
1799	1	motor-816.png
1800	1	motor-817.png
1801	1	motor-818.png
1802	1	motor-819.png
1803	1	motor-820.png
1804	1	motor-821.png
1805	1	motor-822.png
1806	1	motor-823.png
1807	1	motor-824.png
1808	1	motor-825.png
1809	1	motor-826.png
1810	1	motor-827.png
1811	1	motor-828.png
1812	1	motor-829.png
1813	1	motor-830.png
1814	1	motor-831.png
1815	1	motor-832.png
1816	1	motor-833.png
1817	1	motor-834.png
1818	1	motor-835.png
1819	1	motor-836.png
1820	1	motor-837.png
1821	1	motor-838.png
1822	1	motor-839.png
1823	1	motor-840.png
1824	1	motor-841.png
1825	1	motor-842.png
1826	1	motor-843.png
1827	1	motor-844.png
1828	1	motor-845.png
1829	1	motor-846.png
1830	1	motor-847.png
1831	1	motor-848.png
1832	1	motor-849.png
1833	1	motor-850.png
1834	1	motor-851.png
1835	1	motor-852.png
1836	1	motor-853.png
1837	1	motor-854.png
1838	1	motor-855.png
1839	1	motor-856.png
1840	1	motor-857.png
1841	1	motor-858.png
1842	1	motor-859.png
1843	1	motor-860.png
1844	1	motor-861.png
1845	1	motor-862.png
1846	1	motor-863.png
1847	1	motor-864.png
1848	1	motor-865.png
1849	1	motor-866.png
1850	1	motor-867.png
1851	1	motor-868.png
1852	1	motor-869.png
1853	1	motor-870.png
1854	1	motor-871.png
1855	1	motor-872.png
1856	1	motor-873.png
1857	1	motor-874.png
1858	1	motor-875.png
1859	1	motor-876.png
1860	1	motor-877.png
1861	1	motor-878.png
1862	1	motor-879.png
1863	1	motor-880.png
1864	1	motor-881.png
1865	1	motor-882.png
1866	1	motor-883.png
1867	1	motor-884.png
1868	1	motor-885.png
1869	1	motor-886.png
1870	1	motor-887.png
1871	1	motor-888.png
1872	1	motor-889.png
1873	1	motor-890.png
1874	1	motor-891.png
1875	1	motor-892.png
1876	1	motor-893.png
1877	1	motor-894.png
1878	1	motor-895.png
1879	1	motor-896.png
1880	1	motor-897.png
1881	1	motor-898.png
1882	1	motor-899.png
1883	1	motor-900.png
1884	1	motor-901.png
1885	1	motor-902.png
1886	1	motor-903.png
1887	1	motor-904.png
1888	1	motor-905.png
1889	1	motor-906.png
1890	1	motor-907.png
1891	1	motor-908.png
1892	1	motor-909.png
1893	1	motor-910.png
1894	1	motor-911.png
1895	1	motor-912.png
1896	1	motor-913.png
1897	1	motor-914.png
1898	1	motor-915.png
1899	1	motor-916.png
1900	1	motor-917.png
1901	1	motor-918.png
1902	1	motor-919.png
1903	1	motor-920.png
1904	1	motor-921.png
1905	1	motor-922.png
1906	1	motor-923.png
1907	1	motor-924.png
1908	1	motor-925.png
1909	1	motor-926.png
1910	1	motor-927.png
1911	1	motor-928.png
1912	1	motor-929.png
1913	1	motor-930.png
1914	1	motor-931.png
1915	1	motor-932.png
1916	1	motor-933.png
1917	1	motor-934.png
1918	1	motor-935.png
1919	1	motor-936.png
1920	1	motor-937.png
1921	1	motor-938.png
1922	1	motor-939.png
1923	1	motor-940.png
1924	1	motor-941.png
1925	1	motor-942.png
1926	1	motor-943.png
1927	1	motor-944.png
1928	1	motor-945.png
1929	1	motor-946.png
1930	1	motor-947.png
1931	1	motor-948.png
1932	1	motor-949.png
1933	1	motor-950.png
1934	1	motor-951.png
1935	1	motor-952.png
1936	1	motor-953.png
1937	1	motor-954.png
1938	1	motor-955.png
1939	1	motor-956.png
1940	1	motor-957.png
1941	1	motor-958.png
1942	1	motor-959.png
1943	1	motor-960.png
1944	1	motor-961.png
1945	1	motor-962.png
1946	1	motor-963.png
1947	1	motor-964.png
1948	1	motor-965.png
1949	1	motor-966.png
1950	1	motor-967.png
1951	1	motor-968.png
1952	1	motor-969.png
1953	1	motor-970.png
1954	1	motor-971.png
1955	1	motor-972.png
1956	1	motor-973.png
1957	1	motor-974.png
1958	1	motor-975.png
1959	1	motor-976.png
1960	1	motor-977.png
1961	1	motor-978.png
1962	1	motor-979.png
1963	1	motor-980.png
1964	1	motor-981.png
1965	1	motor-982.png
1966	1	motor-983.png
1967	1	motor-984.png
1968	1	motor-985.png
1969	1	motor-986.png
1970	1	motor-987.png
1971	1	motor-988.png
1972	1	motor-989.png
1973	1	motor-990.png
1974	1	motor-991.png
1975	1	motor-992.png
1976	1	motor-993.png
1977	1	motor-994.png
1978	1	motor-995.png
1979	1	motor-996.png
1980	1	motor-997.png
1981	1	motor-998.png
1982	1	motor-999.png
1983	1	motor-1000.png
1984	1	motor-1001.png
1985	1	motor-1002.png
1986	1	motor-1003.png
1987	1	motor-1004.png
1988	1	motor-1005.png
1989	1	motor-1006.png
1990	1	motor-1007.png
1991	1	motor-1008.png
1992	1	motor-1009.png
1993	1	motor-1010.png
1994	1	motor-1011.png
1995	1	motor-1012.png
1996	1	motor-1013.png
1997	1	motor-1014.png
1998	1	motor-1015.png
1999	1	motor-1016.png
2000	1	motor-1017.png
2001	1	motor-1018.png
2002	1	motor-1019.png
2003	1	motor-1020.png
2004	1	motor-1021.png
2005	1	motor-1022.png
2006	1	motor-1023.png
2007	1	motor-1024.png
2008	1	motor-1025.png
2009	1	motor-1026.png
2010	1	motor-1027.png
2011	1	motor-1028.png
2012	1	motor-1029.png
2013	1	motor-1030.png
2014	1	motor-1031.png
2015	1	motor-1032.png
2016	1	motor-1033.png
2017	1	motor-1034.png
2018	1	motor-1035.png
2019	1	motor-1036.png
2020	1	motor-1037.png
2021	1	motor-1038.png
2022	1	motor-1039.png
2023	1	motor-1040.png
2024	1	motor-1041.png
2025	1	motor-1042.png
2026	1	motor-1043.png
2027	1	motor-1044.png
2028	1	motor-1045.png
2029	1	motor-1046.png
2030	1	motor-1047.png
2031	1	motor-1048.png
2032	1	motor-1049.png
2033	1	motor-1050.png
2034	1	motor-1051.png
2035	1	motor-1052.png
2036	1	motor-1053.png
2037	1	motor-1054.png
2038	1	motor-1055.png
2039	1	motor-1056.png
2040	1	motor-1057.png
2041	1	motor-1058.png
2042	1	motor-1059.png
2043	1	motor-1060.png
2044	1	motor-1061.png
2045	1	motor-1062.png
2046	1	motor-1063.png
2047	1	motor-1064.png
2048	1	motor-1065.png
2049	1	motor-1066.png
2050	1	motor-1067.png
2051	1	motor-1068.png
2052	1	motor-1069.png
2053	1	motor-1070.png
2054	1	motor-1071.png
2055	1	motor-1072.png
2056	1	motor-1073.png
2057	1	motor-1074.png
2058	1	motor-1075.png
2059	1	motor-1076.png
2060	1	motor-1077.png
2061	1	motor-1078.png
2062	1	motor-1079.png
2063	1	motor-1080.png
2064	1	motor-1081.png
2065	1	motor-1082.png
2066	1	motor-1083.png
2067	1	motor-1084.png
2068	1	motor-1085.png
2069	1	motor-1086.png
2070	1	motor-1087.png
2071	1	motor-1088.png
2072	1	motor-1089.png
2073	1	motor-1090.png
2074	1	motor-1091.png
2075	1	motor-1092.png
2076	1	motor-1093.png
2077	1	motor-1094.png
2078	2	water-0.png
2079	2	water-1.png
2080	2	water-2.png
2081	2	water-3.png
2082	2	water-4.png
2083	2	water-5.png
2084	2	water-6.png
2085	2	water-7.png
2086	2	water-8.png
2087	2	water-9.png
2088	2	water-10.png
2089	2	water-11.png
2090	2	water-12.png
2091	2	water-13.png
2092	2	water-14.png
2093	2	water-15.png
2094	2	water-16.png
2095	2	water-17.png
2096	2	water-18.png
2097	2	water-19.png
2098	2	water-20.png
2099	2	water-21.png
2100	2	water-22.png
2101	2	water-23.png
2102	2	water-24.png
2103	2	water-25.png
2104	2	water-26.png
2105	2	water-27.png
2106	2	water-28.png
2107	2	water-29.png
2108	2	water-30.png
2109	2	water-31.png
2110	2	water-32.png
2111	2	water-33.png
2112	2	water-34.png
2113	2	water-35.png
2114	2	water-36.png
2115	2	water-37.png
2116	2	water-38.png
2117	2	water-39.png
2118	2	water-40.png
2119	2	water-41.png
2120	2	water-42.png
2121	2	water-43.png
2122	2	water-44.png
2123	2	water-45.png
2124	2	water-46.png
2125	2	water-47.png
2126	2	water-48.png
2127	2	water-49.png
2128	2	water-50.png
2129	2	water-51.png
2130	2	water-52.png
2131	2	water-53.png
2132	2	water-54.png
2133	2	water-55.png
2134	2	water-56.png
2135	2	water-57.png
2136	2	water-58.png
2137	2	water-59.png
2138	2	water-60.png
2139	2	water-61.png
2140	2	water-62.png
2141	2	water-63.png
2142	2	water-64.png
2143	2	water-65.png
2144	2	water-66.png
2145	2	water-67.png
2146	2	water-68.png
2147	2	water-69.png
2148	2	water-70.png
2149	2	water-71.png
2150	2	water-72.png
2151	2	water-73.png
2152	2	water-74.png
2153	2	water-75.png
2154	2	water-76.png
2155	2	water-77.png
2156	2	water-78.png
2157	2	water-79.png
2158	2	water-80.png
2159	2	water-81.png
2160	2	water-82.png
2161	2	water-83.png
2162	2	water-84.png
2163	2	water-85.png
2164	2	water-86.png
2165	2	water-87.png
2166	2	water-88.png
2167	2	water-89.png
2168	2	water-90.png
2169	2	water-91.png
2170	2	water-92.png
2171	2	water-93.png
2172	2	water-94.png
2173	2	water-95.png
2174	2	water-96.png
2175	2	water-97.png
2176	2	water-98.png
2177	2	water-99.png
2178	2	water-100.png
2179	2	water-101.png
2180	2	water-102.png
2181	2	water-103.png
2182	2	water-104.png
2183	2	water-105.png
2184	2	water-106.png
2185	2	water-107.png
2186	2	water-108.png
2187	2	water-109.png
2188	2	water-110.png
2189	2	water-111.png
2190	2	water-112.png
2191	2	water-113.png
2192	2	water-114.png
2193	2	water-115.png
2194	2	water-116.png
2195	2	water-117.png
2196	2	water-118.png
2197	2	water-119.png
2198	2	water-120.png
2199	2	water-121.png
2200	2	water-122.png
2201	2	water-123.png
2202	2	water-124.png
2203	2	water-125.png
2204	2	water-126.png
2205	2	water-127.png
2206	2	water-128.png
2207	2	water-129.png
2208	2	water-130.png
2209	2	water-131.png
2210	2	water-132.png
2211	2	water-133.png
2212	2	water-134.png
2213	2	water-135.png
2214	2	water-136.png
2215	2	water-137.png
2216	2	water-138.png
2217	2	water-139.png
2218	2	water-140.png
2219	2	water-141.png
2220	2	water-142.png
2221	2	water-143.png
2222	2	water-144.png
2223	2	water-145.png
2224	2	water-146.png
2225	2	water-147.png
2226	2	water-148.png
2227	2	water-149.png
2228	2	water-150.png
2229	2	water-151.png
2230	2	water-152.png
2231	2	water-153.png
2232	2	water-154.png
2233	2	water-155.png
2234	2	water-156.png
2235	2	water-157.png
2236	2	water-158.png
2237	2	water-159.png
2238	2	water-160.png
2239	2	water-161.png
2240	2	water-162.png
2241	2	water-163.png
2242	2	water-164.png
2243	2	water-165.png
2244	2	water-166.png
2245	2	water-167.png
2246	2	water-168.png
2247	2	water-169.png
2248	2	water-170.png
2249	2	water-171.png
2250	2	water-172.png
2251	2	water-173.png
2252	2	water-174.png
2253	2	water-175.png
2254	2	water-176.png
2255	2	water-177.png
2256	2	water-178.png
2257	2	water-179.png
2258	2	water-180.png
2259	2	water-181.png
2260	2	water-182.png
2261	2	water-183.png
2262	2	water-184.png
2263	2	water-185.png
2264	2	water-186.png
2265	2	water-187.png
2266	2	water-188.png
2267	2	water-189.png
2268	2	water-190.png
2269	2	water-191.png
2270	2	water-192.png
2271	2	water-193.png
2272	2	water-194.png
2273	2	water-195.png
2274	2	water-196.png
2275	2	water-197.png
2276	2	water-198.png
2277	2	water-199.png
2278	2	water-200.png
2279	2	water-201.png
2280	2	water-202.png
2281	2	water-203.png
2282	2	water-204.png
2283	2	water-205.png
2284	2	water-206.png
2285	2	water-207.png
2286	2	water-208.png
2287	2	water-209.png
2288	2	water-210.png
2289	2	water-211.png
2290	2	water-212.png
2291	2	water-213.png
2292	2	water-214.png
2293	2	water-215.png
2294	2	water-216.png
2295	2	water-217.png
2296	2	water-218.png
2297	2	water-219.png
2298	2	water-220.png
2299	2	water-221.png
2300	2	water-222.png
2301	2	water-223.png
2302	2	water-224.png
2303	2	water-225.png
2304	2	water-226.png
2305	2	water-227.png
2306	2	water-228.png
2307	2	water-229.png
2308	2	water-230.png
2309	2	water-231.png
2310	2	water-232.png
2311	2	water-233.png
2312	2	water-234.png
2313	2	water-235.png
2314	2	water-236.png
2315	2	water-237.png
2316	2	water-238.png
2317	2	water-239.png
2318	2	water-240.png
2319	2	water-241.png
2320	2	water-242.png
2321	2	water-243.png
2322	2	water-244.png
2323	2	water-245.png
2324	2	water-246.png
2325	2	water-247.png
2326	2	water-248.png
2327	2	water-249.png
2328	2	water-250.png
2329	2	water-251.png
2330	2	water-252.png
2331	2	water-253.png
2332	2	water-254.png
2333	2	water-255.png
2334	2	water-256.png
2335	2	water-257.png
2336	2	water-258.png
2337	2	water-259.png
2338	2	water-260.png
2339	2	water-261.png
2340	2	water-262.png
2341	2	water-263.png
2342	2	water-264.png
2343	2	water-265.png
2344	2	water-266.png
2345	2	water-267.png
2346	2	water-268.png
2347	2	water-269.png
2348	2	water-270.png
2349	2	water-271.png
2350	2	water-272.png
2351	2	water-273.png
2352	2	water-274.png
2353	2	water-275.png
2354	2	water-276.png
2355	2	water-277.png
2356	2	water-278.png
2357	2	water-279.png
2358	2	water-280.png
2359	2	water-281.png
2360	2	water-282.png
2361	2	water-283.png
2362	2	water-284.png
2363	2	water-285.png
2364	2	water-286.png
2365	2	water-287.png
2366	2	water-288.png
2367	2	water-289.png
2368	2	water-290.png
2369	2	water-291.png
2370	2	water-292.png
2371	2	water-293.png
2372	2	water-294.png
2373	2	water-295.png
2374	2	water-296.png
2375	2	water-297.png
2376	2	water-298.png
2377	2	water-299.png
2378	2	water-300.png
2379	2	water-301.png
2380	2	water-302.png
2381	2	water-303.png
2382	2	water-304.png
2383	2	water-305.png
2384	2	water-306.png
2385	2	water-307.png
2386	2	water-308.png
2387	2	water-309.png
2388	2	water-310.png
2389	2	water-311.png
2390	2	water-312.png
2391	2	water-313.png
2392	2	water-314.png
2393	2	water-315.png
2394	2	water-316.png
2395	2	water-317.png
2396	2	water-318.png
2397	2	water-319.png
2398	2	water-320.png
2399	2	water-321.png
2400	2	water-322.png
2401	2	water-323.png
2402	2	water-324.png
2403	2	water-325.png
2404	2	water-326.png
2405	2	water-327.png
2406	2	water-328.png
2407	2	water-329.png
2408	2	water-330.png
2409	2	water-331.png
2410	2	water-332.png
2411	2	water-333.png
2412	2	water-334.png
2413	2	water-335.png
2414	2	water-336.png
2415	2	water-337.png
2416	2	water-338.png
2417	2	water-339.png
2418	2	water-340.png
2419	2	water-341.png
2420	2	water-342.png
2421	2	water-343.png
2422	2	water-344.png
2423	2	water-345.png
2424	2	water-346.png
2425	2	water-347.png
2426	2	water-348.png
2427	2	water-349.png
2428	2	water-350.png
2429	2	water-351.png
2430	2	water-352.png
2431	2	water-353.png
2432	2	water-354.png
2433	2	water-355.png
2434	2	water-356.png
2435	2	water-357.png
2436	2	water-358.png
2437	2	water-359.png
2438	2	water-360.png
2439	2	water-361.png
2440	2	water-362.png
2441	2	water-363.png
2442	2	water-364.png
2443	2	water-365.png
2444	2	water-366.png
2445	2	water-367.png
2446	2	water-368.png
2447	2	water-369.png
2448	2	water-370.png
2449	2	water-371.png
2450	2	water-372.png
2451	2	water-373.png
2452	2	water-374.png
2453	2	water-375.png
2454	2	water-376.png
2455	2	water-377.png
2456	2	water-378.png
2457	2	water-379.png
2458	2	water-380.png
2459	2	water-381.png
2460	2	water-382.png
2461	2	water-383.png
2462	2	water-384.png
2463	2	water-385.png
2464	2	water-386.png
2465	2	water-387.png
2466	2	water-388.png
2467	2	water-389.png
2468	2	water-390.png
2469	2	water-391.png
2470	2	water-392.png
2471	2	water-393.png
2472	2	water-394.png
2473	2	water-395.png
2474	2	water-396.png
2475	2	water-397.png
2476	2	water-398.png
2477	2	water-399.png
2478	2	water-400.png
2479	2	water-401.png
2480	2	water-402.png
2481	2	water-403.png
2482	2	water-404.png
2483	2	water-405.png
2484	2	water-406.png
2485	2	water-407.png
2486	2	water-408.png
2487	2	water-409.png
2488	2	water-410.png
2489	2	water-411.png
2490	2	water-412.png
2491	2	water-413.png
2492	2	water-414.png
2493	2	water-415.png
2494	2	water-416.png
2495	2	water-417.png
2496	2	water-418.png
2497	2	water-419.png
2498	2	water-420.png
2499	2	water-421.png
2500	2	water-422.png
2501	2	water-423.png
2502	2	water-424.png
2503	2	water-425.png
2504	2	water-426.png
2505	2	water-427.png
2506	2	water-428.png
2507	2	water-429.png
2508	2	water-430.png
2509	2	water-431.png
2510	2	water-432.png
2511	2	water-433.png
2512	2	water-434.png
2513	2	water-435.png
2514	2	water-436.png
2515	2	water-437.png
2516	2	water-438.png
2517	2	water-439.png
2518	2	water-440.png
2519	2	water-441.png
2520	2	water-442.png
2521	2	water-443.png
2522	2	water-444.png
2523	2	water-445.png
2524	2	water-446.png
2525	2	water-447.png
2526	2	water-448.png
2527	2	water-449.png
2528	2	water-450.png
2529	2	water-451.png
2530	2	water-452.png
2531	2	water-453.png
2532	2	water-454.png
2533	2	water-455.png
2534	2	water-456.png
2535	2	water-457.png
2536	2	water-458.png
2537	2	water-459.png
2538	2	water-460.png
2539	2	water-461.png
2540	2	water-462.png
2541	2	water-463.png
2542	2	water-464.png
2543	2	water-465.png
2544	2	water-466.png
2545	2	water-467.png
2546	2	water-468.png
2547	2	water-469.png
2548	2	water-470.png
2549	2	water-471.png
2550	2	water-472.png
2551	2	water-473.png
2552	2	water-474.png
2553	2	water-475.png
2554	2	water-476.png
2555	2	water-477.png
2556	2	water-478.png
2557	2	water-479.png
2558	2	water-480.png
2559	2	water-481.png
2560	2	water-482.png
2561	2	water-483.png
2562	2	water-484.png
2563	2	water-485.png
2564	2	water-486.png
2565	2	water-487.png
2566	2	water-488.png
2567	2	water-489.png
2568	2	water-490.png
2569	2	water-491.png
2570	2	water-492.png
2571	2	water-493.png
2572	2	water-494.png
2573	2	water-495.png
2574	2	water-496.png
2575	2	water-497.png
2576	2	water-498.png
2577	2	water-499.png
2578	2	water-500.png
2579	2	water-501.png
2580	2	water-502.png
2581	2	water-503.png
2582	2	water-504.png
2583	2	water-505.png
2584	2	water-506.png
2585	2	water-507.png
2586	2	water-508.png
2587	2	water-509.png
2588	2	water-510.png
2589	2	water-511.png
2590	2	water-512.png
2591	2	water-513.png
2592	2	water-514.png
2593	2	water-515.png
2594	2	water-516.png
2595	2	water-517.png
2596	2	water-518.png
2597	2	water-519.png
2598	2	water-520.png
2599	2	water-521.png
2600	2	water-522.png
2601	2	water-523.png
2602	2	water-524.png
2603	2	water-525.png
2604	2	water-526.png
2605	2	water-527.png
2606	2	water-528.png
2607	2	water-529.png
2608	2	water-530.png
2609	2	water-531.png
2610	2	water-532.png
2611	2	water-533.png
2612	2	water-534.png
2613	2	water-535.png
2614	2	water-536.png
2615	2	water-537.png
2616	2	water-538.png
2617	2	water-539.png
2618	2	water-540.png
2619	2	water-541.png
2620	2	water-542.png
2621	2	water-543.png
2622	2	water-544.png
2623	2	water-545.png
2624	2	water-546.png
2625	2	water-547.png
2626	2	water-548.png
2627	2	water-549.png
2628	2	water-550.png
2629	2	water-551.png
2630	2	water-552.png
2631	2	water-553.png
2632	2	water-554.png
2633	2	water-555.png
2634	2	water-556.png
2635	2	water-557.png
2636	2	water-558.png
2637	2	water-559.png
2638	2	water-560.png
2639	2	water-561.png
2640	2	water-562.png
2641	2	water-563.png
2642	2	water-564.png
2643	2	water-565.png
2644	2	water-566.png
2645	2	water-567.png
2646	2	water-568.png
2647	2	water-569.png
2648	2	water-570.png
2649	2	water-571.png
2650	2	water-572.png
2651	2	water-573.png
2652	2	water-574.png
2653	2	water-575.png
2654	2	water-576.png
2655	2	water-577.png
2656	2	water-578.png
2657	2	water-579.png
2658	2	water-580.png
2659	2	water-581.png
2660	2	water-582.png
2661	2	water-583.png
2662	2	water-584.png
2663	2	water-585.png
2664	2	water-586.png
2665	2	water-587.png
2666	2	water-588.png
2667	2	water-589.png
2668	2	water-590.png
2669	2	water-591.png
2670	2	water-592.png
2671	2	water-593.png
2672	2	water-594.png
2673	2	water-595.png
2674	2	water-596.png
2675	2	water-597.png
2676	2	water-598.png
2677	2	water-599.png
2678	2	water-600.png
2679	2	water-601.png
2680	2	water-602.png
2681	2	water-603.png
2682	2	water-604.png
2683	2	water-605.png
2684	2	water-606.png
2685	2	water-607.png
2686	2	water-608.png
2687	2	water-609.png
2688	2	water-610.png
2689	2	water-611.png
2690	2	water-612.png
2691	2	water-613.png
2692	2	water-614.png
2693	2	water-615.png
2694	2	water-616.png
2695	2	water-617.png
2696	2	water-618.png
2697	2	water-619.png
2698	2	water-620.png
2699	2	water-621.png
2700	2	water-622.png
2701	2	water-623.png
2702	2	water-624.png
2703	2	water-625.png
2704	2	water-626.png
2705	2	water-627.png
2706	2	water-628.png
2707	2	water-629.png
2708	2	water-630.png
2709	2	water-631.png
2710	2	water-632.png
2711	2	water-633.png
2712	2	water-634.png
2713	2	water-635.png
2714	2	water-636.png
2715	2	water-637.png
2716	2	water-638.png
2717	2	water-639.png
2718	2	water-640.png
2719	2	water-641.png
2720	2	water-642.png
2721	2	water-643.png
2722	2	water-644.png
2723	2	water-645.png
2724	2	water-646.png
2725	2	water-647.png
2726	2	water-648.png
2727	2	water-649.png
2728	2	water-650.png
2729	2	water-651.png
2730	2	water-652.png
2731	2	water-653.png
2732	2	water-654.png
2733	2	water-655.png
2734	2	water-656.png
2735	2	water-657.png
2736	2	water-658.png
2737	2	water-659.png
2738	2	water-660.png
2739	2	water-661.png
2740	2	water-662.png
2741	2	water-663.png
2742	2	water-664.png
2743	2	water-665.png
2744	2	water-666.png
2745	2	water-667.png
2746	2	water-668.png
2747	2	water-669.png
2748	2	water-670.png
2749	2	water-671.png
2750	2	water-672.png
2751	2	water-673.png
2752	2	water-674.png
2753	2	water-675.png
2754	2	water-676.png
2755	2	water-677.png
2756	2	water-678.png
2757	2	water-679.png
2758	2	water-680.png
2759	2	water-681.png
2760	2	water-682.png
2761	2	water-683.png
2762	2	water-684.png
2763	2	water-685.png
2764	2	water-686.png
2765	2	water-687.png
2766	2	water-688.png
2767	2	water-689.png
2768	2	water-690.png
2769	2	water-691.png
2770	2	water-692.png
2771	2	water-693.png
2772	2	water-694.png
2773	2	water-695.png
2774	2	water-696.png
2775	2	water-697.png
2776	2	water-698.png
2777	2	water-699.png
2778	2	water-700.png
2779	2	water-701.png
2780	2	water-702.png
2781	2	water-703.png
2782	2	water-704.png
2783	2	water-705.png
2784	2	water-706.png
2785	2	water-707.png
2786	2	water-708.png
2787	2	water-709.png
2788	2	water-710.png
2789	2	water-711.png
2790	2	water-712.png
2791	2	water-713.png
2792	2	water-714.png
2793	2	water-715.png
2794	2	water-716.png
2795	2	water-717.png
2796	2	water-718.png
2797	2	water-719.png
2798	2	water-720.png
2799	2	water-721.png
2800	2	water-722.png
2801	2	water-723.png
2802	2	water-724.png
2803	2	water-725.png
2804	2	water-726.png
2805	2	water-727.png
2806	2	water-728.png
2807	2	water-729.png
2808	2	water-730.png
2809	2	water-731.png
2810	2	water-732.png
2811	2	water-733.png
2812	2	water-734.png
2813	2	water-735.png
2814	2	water-736.png
2815	2	water-737.png
2816	2	water-738.png
2817	2	water-739.png
2818	2	water-740.png
2819	2	water-741.png
2820	2	water-742.png
2821	2	water-743.png
2822	2	water-744.png
2823	2	water-745.png
2824	2	water-746.png
2825	2	water-747.png
2826	2	water-748.png
2827	2	water-749.png
2828	2	water-750.png
2829	2	water-751.png
2830	2	water-752.png
2831	2	water-753.png
2832	2	water-754.png
2833	2	water-755.png
2834	2	water-756.png
2835	2	water-757.png
2836	2	water-758.png
2837	2	water-759.png
2838	2	water-760.png
2839	2	water-761.png
2840	2	water-762.png
2841	2	water-763.png
2842	2	water-764.png
2843	2	water-765.png
2844	2	water-766.png
2845	2	water-767.png
2846	2	water-768.png
2847	2	water-769.png
2848	2	water-770.png
2849	2	water-771.png
2850	2	water-772.png
2851	2	water-773.png
2852	2	water-774.png
2853	2	water-775.png
2854	2	water-776.png
2855	2	water-777.png
2856	2	water-778.png
2857	2	water-779.png
2858	2	water-780.png
2859	2	water-781.png
2860	2	water-782.png
2861	2	water-783.png
2862	2	water-784.png
2863	2	water-785.png
2864	2	water-786.png
2865	2	water-787.png
2866	2	water-788.png
2867	2	water-789.png
2868	2	water-790.png
2869	2	water-791.png
2870	2	water-792.png
2871	2	water-793.png
2872	2	water-794.png
2873	2	water-795.png
2874	2	water-796.png
2875	2	water-797.png
2876	2	water-798.png
2877	2	water-799.png
2878	2	water-800.png
2879	2	water-801.png
2880	2	water-802.png
2881	2	water-803.png
2882	2	water-804.png
2883	2	water-805.png
2884	2	water-806.png
2885	2	water-807.png
2886	2	water-808.png
2887	2	water-809.png
2888	2	water-810.png
2889	2	water-811.png
2890	2	water-812.png
2891	2	water-813.png
2892	2	water-814.png
2893	2	water-815.png
2894	2	water-816.png
2895	2	water-817.png
2896	2	water-818.png
2897	2	water-819.png
2898	2	water-820.png
2899	2	water-821.png
2900	2	water-822.png
2901	2	water-823.png
2902	2	water-824.png
2903	2	water-825.png
2904	2	water-826.png
2905	2	water-827.png
2906	2	water-828.png
2907	2	water-829.png
2908	2	water-830.png
2909	2	water-831.png
2910	2	water-832.png
2911	2	water-833.png
2912	2	water-834.png
2913	2	water-835.png
2914	2	water-836.png
2915	2	water-837.png
2916	2	water-838.png
2917	2	water-839.png
2918	2	water-840.png
2919	2	water-841.png
2920	2	water-842.png
2921	2	water-843.png
2922	2	water-844.png
2923	2	water-845.png
2924	2	water-846.png
2925	2	water-847.png
2926	2	water-848.png
2927	2	water-849.png
2928	2	water-850.png
2929	2	water-851.png
2930	2	water-852.png
2931	2	water-853.png
2932	2	water-854.png
2933	2	water-855.png
2934	2	water-856.png
2935	2	water-857.png
2936	2	water-858.png
2937	2	water-859.png
2938	2	water-860.png
2939	2	water-861.png
2940	2	water-862.png
2941	2	water-863.png
2942	2	water-864.png
2943	2	water-865.png
2944	2	water-866.png
2945	2	water-867.png
2946	2	water-868.png
2947	2	water-869.png
2948	2	water-870.png
2949	2	water-871.png
2950	2	water-872.png
